98.08.12 22:25 B C:\All_Data\FS\open\island\room\boat1.c <-- FS /open/island/room boat1.c
98.08.12 22:25 B C:\All_Data\FS\open\island\room\c1.c <-- FS /open/island/room c1.c
98.08.12 22:25 B C:\All_Data\FS\open\island\room\c10.c <-- FS /open/island/room c10.c
98.08.12 22:25 B C:\All_Data\FS\open\island\room\c12.c <-- FS /open/island/room c12.c
98.08.12 22:25 B C:\All_Data\FS\open\island\room\c13.c <-- FS /open/island/room c13.c
98.08.12 22:25 B C:\All_Data\FS\open\island\room\c15.c <-- FS /open/island/room c15.c
98.08.12 22:25 B C:\All_Data\FS\open\island\room\c17.c <-- FS /open/island/room c17.c
98.08.12 22:25 B C:\All_Data\FS\open\island\room\c2.c <-- FS /open/island/room c2.c
98.08.12 22:25 B C:\All_Data\FS\open\island\room\c20.c <-- FS /open/island/room c20.c
98.08.12 22:25 B C:\All_Data\FS\open\island\room\c21.c <-- FS /open/island/room c21.c
98.08.12 22:25 B C:\All_Data\FS\open\island\room\c22.c <-- FS /open/island/room c22.c
98.08.12 22:25 B C:\All_Data\FS\open\island\room\c23.c <-- FS /open/island/room c23.c
98.08.12 22:25 B C:\All_Data\FS\open\island\room\c3.c <-- FS /open/island/room c3.c
98.08.12 22:25 B C:\All_Data\FS\open\island\room\c4.c <-- FS /open/island/room c4.c
98.08.12 22:25 B C:\All_Data\FS\open\island\room\cold.c <-- FS /open/island/room cold.c
98.08.12 22:25 B C:\All_Data\FS\open\island\room\i1.c <-- FS /open/island/room i1.c
98.08.12 22:25 B C:\All_Data\FS\open\island\room\i12.c <-- FS /open/island/room i12.c
98.08.12 22:25 B C:\All_Data\FS\open\island\room\i13.c <-- FS /open/island/room i13.c
98.08.12 22:25 B C:\All_Data\FS\open\island\room\i15.c <-- FS /open/island/room i15.c
98.08.12 22:25 B C:\All_Data\FS\open\island\room\i2.c <-- FS /open/island/room i2.c
98.08.12 22:25 B C:\All_Data\FS\open\island\room\i3.c <-- FS /open/island/room i3.c
98.08.12 22:25 B C:\All_Data\FS\open\island\room\i4.c <-- FS /open/island/room i4.c
98.08.12 22:25 B C:\All_Data\FS\open\island\room\i5.c <-- FS /open/island/room i5.c
98.08.12 22:25 B C:\All_Data\FS\open\island\room\i6.c <-- FS /open/island/room i6.c
98.08.12 22:26 B C:\All_Data\FS\open\island\room\i7.c <-- FS /open/island/room i7.c
98.08.12 22:26 B C:\All_Data\FS\open\island\room\i8.c <-- FS /open/island/room i8.c
98.08.12 22:26 B C:\All_Data\FS\open\island\room\i9.c <-- FS /open/island/room i9.c
98.08.12 22:26 B C:\All_Data\FS\open\island\room\island.c <-- FS /open/island/room island.c
98.08.12 22:26 B C:\All_Data\FS\open\island\room\m1.c <-- FS /open/island/room m1.c
98.08.12 22:26 B C:\All_Data\FS\open\island\room\m2.c <-- FS /open/island/room m2.c
98.08.12 22:26 B C:\All_Data\FS\open\island\room\m3.c <-- FS /open/island/room m3.c
98.08.12 22:26 B C:\All_Data\FS\open\island\room\m5.c <-- FS /open/island/room m5.c
98.08.12 22:26 B C:\All_Data\FS\open\island\room\port.c <-- FS /open/island/room port.c
98.08.12 22:26 B C:\All_Data\FS\open\island\room\port2.c <-- FS /open/island/room port2.c
